<?xml version="1.0" encoding="UTF-8"?>
<coverage generated="1663375438607" clover="3.2.0">
  <project timestamp="1663375438607" name="All files">
    <metrics statements="54" coveredstatements="51" conditionals="9" coveredconditionals="5" methods="7" coveredmethods="7" elements="70" coveredelements="63" complexity="0" loc="54" ncloc="54" packages="1" files="1" classes="1"/>
    <file name="index.ts" path="/Users/chrisyalamov/Documents/Projects/oauth2_idp/index.ts">
      <metrics statements="54" coveredstatements="51" conditionals="9" coveredconditionals="5" methods="7" coveredmethods="7"/>
      <line num="2" count="1" type="stmt"/>
      <line num="3" count="1" type="stmt"/>
      <line num="4" count="1" type="stmt"/>
      <line num="6" count="1" type="stmt"/>
      <line num="19" count="8" type="stmt"/>
      <line num="20" count="8" type="stmt"/>
      <line num="36" count="4" type="stmt"/>
      <line num="37" count="4" type="stmt"/>
      <line num="38" count="4" type="stmt"/>
      <line num="45" count="4" type="stmt"/>
      <line num="52" count="4" type="stmt"/>
      <line num="69" count="4" type="stmt"/>
      <line num="70" count="4" type="stmt"/>
      <line num="71" count="4" type="stmt"/>
      <line num="79" count="4" type="stmt"/>
      <line num="86" count="4" type="stmt"/>
      <line num="110" count="7" type="stmt"/>
      <line num="111" count="7" type="cond" truecount="1" falsecount="0"/>
      <line num="114" count="6" type="cond" truecount="1" falsecount="0"/>
      <line num="115" count="1" type="stmt"/>
      <line num="119" count="5" type="stmt"/>
      <line num="122" count="5" type="stmt"/>
      <line num="124" count="5" type="stmt"/>
      <line num="133" count="5" type="stmt"/>
      <line num="163" count="4" type="stmt"/>
      <line num="166" count="4" type="stmt"/>
      <line num="169" count="4" type="cond" truecount="0" falsecount="1"/>
      <line num="170" count="0" type="stmt"/>
      <line num="174" count="4" type="stmt"/>
      <line num="177" count="4" type="stmt"/>
      <line num="178" count="4" type="cond" truecount="1" falsecount="0"/>
      <line num="181" count="3" type="stmt"/>
      <line num="187" count="3" type="stmt"/>
      <line num="194" count="3" type="stmt"/>
      <line num="196" count="3" type="stmt"/>
      <line num="226" count="1" type="stmt"/>
      <line num="229" count="1" type="stmt"/>
      <line num="232" count="1" type="stmt"/>
      <line num="235" count="1" type="stmt"/>
      <line num="236" count="1" type="cond" truecount="0" falsecount="1"/>
      <line num="239" count="1" type="stmt"/>
      <line num="240" count="1" type="cond" truecount="0" falsecount="1"/>
      <line num="243" count="1" type="stmt"/>
      <line num="248" count="1" type="stmt"/>
      <line num="255" count="1" type="stmt"/>
      <line num="257" count="1" type="stmt"/>
      <line num="283" count="1" type="stmt"/>
      <line num="284" count="1" type="stmt"/>
      <line num="285" count="1" type="stmt"/>
      <line num="290" count="0" type="stmt"/>
      <line num="294" count="1" type="stmt"/>
      <line num="297" count="1" type="cond" truecount="2" falsecount="1"/>
      <line num="298" count="0" type="stmt"/>
      <line num="302" count="1" type="stmt"/>
    </file>
  </project>
</coverage>
