{"/Users/chrisyalamov/Documents/Projects/oauth2_idp/index.ts": {"path":"/Users/chrisyalamov/Documents/Projects/oauth2_idp/index.ts","statementMap":{"0":{"start":{"line":2,"column":0},"end":{"line":2,"column":27}},"1":{"start":{"line":3,"column":0},"end":{"line":3,"column":27}},"2":{"start":{"line":4,"column":0},"end":{"line":4,"column":55}},"3":{"start":{"line":19,"column":8},"end":{"line":19,"column":33}},"4":{"start":{"line":20,"column":8},"end":{"line":20,"column":29}},"5":{"start":{"line":36,"column":22},"end":{"line":36,"column":60}},"6":{"start":{"line":37,"column":28},"end":{"line":37,"column":56}},"7":{"start":{"line":38,"column":28},"end":{"line":42,"column":10}},"8":{"start":{"line":45,"column":23},"end":{"line":50,"column":10}},"9":{"start":{"line":52,"column":8},"end":{"line":52,"column":24}},"10":{"start":{"line":69,"column":29},"end":{"line":69,"column":67}},"11":{"start":{"line":70,"column":35},"end":{"line":70,"column":70}},"12":{"start":{"line":71,"column":35},"end":{"line":76,"column":10}},"13":{"start":{"line":79,"column":30},"end":{"line":84,"column":10}},"14":{"start":{"line":86,"column":8},"end":{"line":86,"column":31}},"15":{"start":{"line":110,"column":27},"end":{"line":110,"column":64}},"16":{"start":{"line":111,"column":8},"end":{"line":111,"column":63}},"17":{"start":{"line":111,"column":27},"end":{"line":111,"column":63}},"18":{"start":{"line":114,"column":8},"end":{"line":116,"column":null}},"19":{"start":{"line":115,"column":12},"end":{"line":115,"column":52}},"20":{"start":{"line":119,"column":21},"end":{"line":119,"column":59}},"21":{"start":{"line":122,"column":27},"end":{"line":122,"column":54}},"22":{"start":{"line":124,"column":28},"end":{"line":130,"column":10}},"23":{"start":{"line":133,"column":8},"end":{"line":138,"column":11}},"24":{"start":{"line":163,"column":22},"end":{"line":163,"column":90}},"25":{"start":{"line":166,"column":28},"end":{"line":166,"column":79}},"26":{"start":{"line":169,"column":8},"end":{"line":171,"column":null}},"27":{"start":{"line":170,"column":12},"end":{"line":170,"column":52}},"28":{"start":{"line":174,"column":29},"end":{"line":174,"column":66}},"29":{"start":{"line":177,"column":20},"end":{"line":177,"column":89}},"30":{"start":{"line":180,"column":25},"end":{"line":183,"column":10}},"31":{"start":{"line":186,"column":32},"end":{"line":190,"column":10}},"32":{"start":{"line":193,"column":8},"end":{"line":193,"column":50}},"33":{"start":{"line":195,"column":8},"end":{"line":198,"column":null}},"34":{"start":{"line":225,"column":24},"end":{"line":225,"column":101}},"35":{"start":{"line":228,"column":35},"end":{"line":228,"column":82}},"36":{"start":{"line":231,"column":29},"end":{"line":231,"column":66}},"37":{"start":{"line":234,"column":20},"end":{"line":234,"column":89}},"38":{"start":{"line":237,"column":20},"end":{"line":237,"column":81}},"39":{"start":{"line":240,"column":25},"end":{"line":243,"column":10}},"40":{"start":{"line":245,"column":32},"end":{"line":249,"column":10}},"41":{"start":{"line":252,"column":8},"end":{"line":252,"column":59}},"42":{"start":{"line":254,"column":8},"end":{"line":257,"column":10}},"43":{"start":{"line":280,"column":8},"end":{"line":288,"column":null}},"44":{"start":{"line":281,"column":24},"end":{"line":281,"column":77}},"45":{"start":{"line":282,"column":12},"end":{"line":285,"column":29}},"46":{"start":{"line":287,"column":12},"end":{"line":287,"column":45}},"47":{"start":{"line":291,"column":26},"end":{"line":291,"column":85}},"48":{"start":{"line":294,"column":8},"end":{"line":296,"column":null}},"49":{"start":{"line":295,"column":12},"end":{"line":295,"column":45}},"50":{"start":{"line":299,"column":8},"end":{"line":299,"column":27}},"51":{"start":{"line":6,"column":0},"end":{"line":6,"column":13}}},"fnMap":{"0":{"name":"(anonymous_8)","decl":{"start":{"line":18,"column":4},"end":{"line":18,"column":16}},"loc":{"start":{"line":18,"column":79},"end":{"line":21,"column":5}}},"1":{"name":"(anonymous_9)","decl":{"start":{"line":31,"column":10},"end":{"line":31,"column":40}},"loc":{"start":{"line":34,"column":5},"end":{"line":53,"column":null}}},"2":{"name":"(anonymous_11)","decl":{"start":{"line":63,"column":11},"end":{"line":63,"column":42}},"loc":{"start":{"line":67,"column":5},"end":{"line":87,"column":null}}},"3":{"name":"(anonymous_13)","decl":{"start":{"line":103,"column":10},"end":{"line":103,"column":35}},"loc":{"start":{"line":108,"column":5},"end":{"line":139,"column":null}}},"4":{"name":"(anonymous_15)","decl":{"start":{"line":153,"column":10},"end":{"line":153,"column":22}},"loc":{"start":{"line":158,"column":5},"end":{"line":199,"column":null}}},"5":{"name":"(anonymous_17)","decl":{"start":{"line":216,"column":10},"end":{"line":216,"column":30}},"loc":{"start":{"line":220,"column":5},"end":{"line":258,"column":null}}},"6":{"name":"(anonymous_19)","decl":{"start":{"line":273,"column":10},"end":{"line":273,"column":27}},"loc":{"start":{"line":277,"column":5},"end":{"line":300,"column":null}}}},"branchMap":{"0":{"loc":{"start":{"line":111,"column":8},"end":{"line":111,"column":63}},"type":"if","locations":[{"start":{"line":111,"column":8},"end":{"line":111,"column":63}}]},"1":{"loc":{"start":{"line":114,"column":8},"end":{"line":116,"column":null}},"type":"if","locations":[{"start":{"line":114,"column":8},"end":{"line":116,"column":null}}]},"2":{"loc":{"start":{"line":169,"column":8},"end":{"line":171,"column":null}},"type":"if","locations":[{"start":{"line":169,"column":8},"end":{"line":171,"column":null}}]},"3":{"loc":{"start":{"line":294,"column":8},"end":{"line":296,"column":null}},"type":"if","locations":[{"start":{"line":294,"column":8},"end":{"line":296,"column":null}}]},"4":{"loc":{"start":{"line":294,"column":12},"end":{"line":294,"column":67}},"type":"binary-expr","locations":[{"start":{"line":294,"column":12},"end":{"line":294,"column":17}},{"start":{"line":294,"column":21},"end":{"line":294,"column":67}}]}},"s":{"0":1,"1":1,"2":1,"3":5,"4":5,"5":4,"6":4,"7":4,"8":4,"9":4,"10":4,"11":4,"12":4,"13":4,"14":4,"15":4,"16":4,"17":0,"18":4,"19":0,"20":4,"21":4,"22":4,"23":4,"24":3,"25":3,"26":3,"27":0,"28":3,"29":3,"30":3,"31":3,"32":3,"33":3,"34":1,"35":1,"36":1,"37":1,"38":1,"39":1,"40":1,"41":1,"42":1,"43":1,"44":1,"45":1,"46":0,"47":1,"48":1,"49":0,"50":1,"51":1},"f":{"0":5,"1":4,"2":4,"3":4,"4":3,"5":1,"6":1},"b":{"0":[0],"1":[0],"2":[0],"3":[0],"4":[1,1]}}
}
