{"/Users/chrisyalamov/Documents/Projects/oauth2_idp/index.ts": {"path":"/Users/chrisyalamov/Documents/Projects/oauth2_idp/index.ts","statementMap":{"0":{"start":{"line":2,"column":0},"end":{"line":2,"column":27}},"1":{"start":{"line":3,"column":0},"end":{"line":3,"column":27}},"2":{"start":{"line":4,"column":0},"end":{"line":4,"column":55}},"3":{"start":{"line":19,"column":4},"end":{"line":19,"column":null}},"4":{"start":{"line":20,"column":4},"end":{"line":20,"column":null}},"5":{"start":{"line":36,"column":18},"end":{"line":36,"column":56}},"6":{"start":{"line":37,"column":24},"end":{"line":37,"column":52}},"7":{"start":{"line":38,"column":24},"end":{"line":42,"column":6}},"8":{"start":{"line":45,"column":21},"end":{"line":50,"column":6}},"9":{"start":{"line":52,"column":4},"end":{"line":52,"column":null}},"10":{"start":{"line":69,"column":25},"end":{"line":69,"column":63}},"11":{"start":{"line":70,"column":31},"end":{"line":70,"column":66}},"12":{"start":{"line":71,"column":31},"end":{"line":76,"column":6}},"13":{"start":{"line":79,"column":28},"end":{"line":84,"column":6}},"14":{"start":{"line":86,"column":4},"end":{"line":86,"column":null}},"15":{"start":{"line":110,"column":25},"end":{"line":110,"column":62}},"16":{"start":{"line":111,"column":4},"end":{"line":111,"column":null}},"17":{"start":{"line":111,"column":40},"end":{"line":111,"column":75}},"18":{"start":{"line":114,"column":4},"end":{"line":116,"column":null}},"19":{"start":{"line":115,"column":6},"end":{"line":115,"column":null}},"20":{"start":{"line":119,"column":17},"end":{"line":119,"column":55}},"21":{"start":{"line":122,"column":23},"end":{"line":122,"column":50}},"22":{"start":{"line":124,"column":24},"end":{"line":130,"column":6}},"23":{"start":{"line":133,"column":4},"end":{"line":138,"column":null}},"24":{"start":{"line":163,"column":18},"end":{"line":163,"column":88}},"25":{"start":{"line":166,"column":24},"end":{"line":166,"column":75}},"26":{"start":{"line":169,"column":4},"end":{"line":171,"column":null}},"27":{"start":{"line":170,"column":6},"end":{"line":170,"column":null}},"28":{"start":{"line":174,"column":25},"end":{"line":174,"column":62}},"29":{"start":{"line":177,"column":18},"end":{"line":177,"column":99}},"30":{"start":{"line":178,"column":4},"end":{"line":178,"column":null}},"31":{"start":{"line":178,"column":22},"end":{"line":178,"column":null}},"32":{"start":{"line":181,"column":21},"end":{"line":184,"column":6}},"33":{"start":{"line":187,"column":28},"end":{"line":191,"column":6}},"34":{"start":{"line":194,"column":4},"end":{"line":194,"column":null}},"35":{"start":{"line":196,"column":4},"end":{"line":199,"column":null}},"36":{"start":{"line":226,"column":20},"end":{"line":226,"column":99}},"37":{"start":{"line":229,"column":31},"end":{"line":229,"column":78}},"38":{"start":{"line":232,"column":25},"end":{"line":232,"column":62}},"39":{"start":{"line":235,"column":18},"end":{"line":235,"column":99}},"40":{"start":{"line":236,"column":4},"end":{"line":236,"column":null}},"41":{"start":{"line":236,"column":22},"end":{"line":236,"column":null}},"42":{"start":{"line":239,"column":18},"end":{"line":239,"column":79}},"43":{"start":{"line":240,"column":4},"end":{"line":240,"column":null}},"44":{"start":{"line":240,"column":16},"end":{"line":240,"column":null}},"45":{"start":{"line":243,"column":21},"end":{"line":246,"column":6}},"46":{"start":{"line":248,"column":28},"end":{"line":252,"column":6}},"47":{"start":{"line":255,"column":4},"end":{"line":255,"column":null}},"48":{"start":{"line":257,"column":4},"end":{"line":260,"column":null}},"49":{"start":{"line":283,"column":4},"end":{"line":291,"column":null}},"50":{"start":{"line":284,"column":18},"end":{"line":284,"column":71}},"51":{"start":{"line":285,"column":6},"end":{"line":288,"column":null}},"52":{"start":{"line":290,"column":6},"end":{"line":290,"column":null}},"53":{"start":{"line":294,"column":24},"end":{"line":294,"column":83}},"54":{"start":{"line":297,"column":4},"end":{"line":299,"column":null}},"55":{"start":{"line":298,"column":6},"end":{"line":298,"column":null}},"56":{"start":{"line":302,"column":4},"end":{"line":302,"column":null}},"57":{"start":{"line":6,"column":0},"end":{"line":6,"column":13}}},"fnMap":{"0":{"name":"(anonymous_8)","decl":{"start":{"line":18,"column":2},"end":{"line":18,"column":15}},"loc":{"start":{"line":18,"column":78},"end":{"line":21,"column":3}}},"1":{"name":"(anonymous_9)","decl":{"start":{"line":31,"column":8},"end":{"line":31,"column":38}},"loc":{"start":{"line":34,"column":3},"end":{"line":53,"column":null}}},"2":{"name":"(anonymous_11)","decl":{"start":{"line":63,"column":8},"end":{"line":63,"column":39}},"loc":{"start":{"line":67,"column":3},"end":{"line":87,"column":null}}},"3":{"name":"(anonymous_13)","decl":{"start":{"line":103,"column":8},"end":{"line":103,"column":33}},"loc":{"start":{"line":108,"column":3},"end":{"line":139,"column":null}}},"4":{"name":"(anonymous_15)","decl":{"start":{"line":153,"column":8},"end":{"line":153,"column":20}},"loc":{"start":{"line":158,"column":3},"end":{"line":200,"column":null}}},"5":{"name":"(anonymous_17)","decl":{"start":{"line":217,"column":8},"end":{"line":217,"column":28}},"loc":{"start":{"line":221,"column":3},"end":{"line":261,"column":null}}},"6":{"name":"(anonymous_19)","decl":{"start":{"line":276,"column":8},"end":{"line":276,"column":25}},"loc":{"start":{"line":280,"column":3},"end":{"line":303,"column":null}}}},"branchMap":{"0":{"loc":{"start":{"line":111,"column":4},"end":{"line":111,"column":null}},"type":"if","locations":[{"start":{"line":111,"column":4},"end":{"line":111,"column":null}}]},"1":{"loc":{"start":{"line":114,"column":4},"end":{"line":116,"column":null}},"type":"if","locations":[{"start":{"line":114,"column":4},"end":{"line":116,"column":null}}]},"2":{"loc":{"start":{"line":169,"column":4},"end":{"line":171,"column":null}},"type":"if","locations":[{"start":{"line":169,"column":4},"end":{"line":171,"column":null}}]},"3":{"loc":{"start":{"line":178,"column":4},"end":{"line":178,"column":null}},"type":"if","locations":[{"start":{"line":178,"column":4},"end":{"line":178,"column":null}}]},"4":{"loc":{"start":{"line":236,"column":4},"end":{"line":236,"column":null}},"type":"if","locations":[{"start":{"line":236,"column":4},"end":{"line":236,"column":null}}]},"5":{"loc":{"start":{"line":240,"column":4},"end":{"line":240,"column":null}},"type":"if","locations":[{"start":{"line":240,"column":4},"end":{"line":240,"column":null}}]},"6":{"loc":{"start":{"line":297,"column":4},"end":{"line":299,"column":null}},"type":"if","locations":[{"start":{"line":297,"column":4},"end":{"line":299,"column":null}}]},"7":{"loc":{"start":{"line":297,"column":8},"end":{"line":297,"column":80}},"type":"binary-expr","locations":[{"start":{"line":297,"column":8},"end":{"line":297,"column":20}},{"start":{"line":297,"column":24},"end":{"line":297,"column":80}}]}},"s":{"0":1,"1":1,"2":1,"3":6,"4":6,"5":4,"6":4,"7":4,"8":4,"9":4,"10":4,"11":4,"12":4,"13":4,"14":4,"15":5,"16":5,"17":1,"18":4,"19":0,"20":4,"21":4,"22":4,"23":4,"24":3,"25":3,"26":3,"27":0,"28":3,"29":3,"30":3,"31":0,"32":3,"33":3,"34":3,"35":3,"36":1,"37":1,"38":1,"39":1,"40":1,"41":0,"42":1,"43":1,"44":0,"45":1,"46":1,"47":1,"48":1,"49":1,"50":1,"51":1,"52":0,"53":1,"54":1,"55":0,"56":1,"57":1},"f":{"0":6,"1":4,"2":4,"3":5,"4":3,"5":1,"6":1},"b":{"0":[1],"1":[0],"2":[0],"3":[0],"4":[0],"5":[0],"6":[0],"7":[1,1]}}
}
