TN:
SF:index.ts
FN:18,(anonymous_8)
FN:31,(anonymous_9)
FN:63,(anonymous_11)
FN:103,(anonymous_13)
FN:153,(anonymous_15)
FN:216,(anonymous_17)
FN:273,(anonymous_19)
FNF:7
FNH:7
FNDA:5,(anonymous_8)
FNDA:4,(anonymous_9)
FNDA:4,(anonymous_11)
FNDA:4,(anonymous_13)
FNDA:3,(anonymous_15)
FNDA:1,(anonymous_17)
FNDA:1,(anonymous_19)
DA:2,1
DA:3,1
DA:4,1
DA:6,1
DA:19,5
DA:20,5
DA:36,4
DA:37,4
DA:38,4
DA:45,4
DA:52,4
DA:69,4
DA:70,4
DA:71,4
DA:79,4
DA:86,4
DA:110,4
DA:111,4
DA:114,4
DA:115,0
DA:119,4
DA:122,4
DA:124,4
DA:133,4
DA:163,3
DA:166,3
DA:169,3
DA:170,0
DA:174,3
DA:177,3
DA:180,3
DA:186,3
DA:193,3
DA:195,3
DA:225,1
DA:228,1
DA:231,1
DA:234,1
DA:237,1
DA:240,1
DA:245,1
DA:252,1
DA:254,1
DA:280,1
DA:281,1
DA:282,1
DA:287,0
DA:291,1
DA:294,1
DA:295,0
DA:299,1
LF:51
LH:47
BRDA:111,0,0,0
BRDA:114,1,0,0
BRDA:169,2,0,0
BRDA:294,3,0,0
BRDA:294,4,0,1
BRDA:294,4,1,1
BRF:6
BRH:2
end_of_record
