TN:
SF:index.ts
FN:18,(anonymous_8)
FN:31,(anonymous_9)
FN:63,(anonymous_11)
FN:103,(anonymous_13)
FN:153,(anonymous_15)
FN:217,(anonymous_17)
FN:276,(anonymous_19)
FNF:7
FNH:7
FNDA:8,(anonymous_8)
FNDA:4,(anonymous_9)
FNDA:4,(anonymous_11)
FNDA:7,(anonymous_13)
FNDA:4,(anonymous_15)
FNDA:1,(anonymous_17)
FNDA:1,(anonymous_19)
DA:2,1
DA:3,1
DA:4,1
DA:6,1
DA:19,8
DA:20,8
DA:36,4
DA:37,4
DA:38,4
DA:45,4
DA:52,4
DA:69,4
DA:70,4
DA:71,4
DA:79,4
DA:86,4
DA:110,7
DA:111,7
DA:114,6
DA:115,1
DA:119,5
DA:122,5
DA:124,5
DA:133,5
DA:163,4
DA:166,4
DA:169,4
DA:170,0
DA:174,4
DA:177,4
DA:178,4
DA:181,3
DA:187,3
DA:194,3
DA:196,3
DA:226,1
DA:229,1
DA:232,1
DA:235,1
DA:236,1
DA:239,1
DA:240,1
DA:243,1
DA:248,1
DA:255,1
DA:257,1
DA:283,1
DA:284,1
DA:285,1
DA:290,0
DA:294,1
DA:297,1
DA:298,0
DA:302,1
LF:54
LH:51
BRDA:111,0,0,1
BRDA:114,1,0,1
BRDA:169,2,0,0
BRDA:178,3,0,1
BRDA:236,4,0,0
BRDA:240,5,0,0
BRDA:297,6,0,0
BRDA:297,7,0,1
BRDA:297,7,1,1
BRF:9
BRH:5
end_of_record
